"../../../Engine/Content/ArtTools/RenderToTexture/Enums/RenderToTexture_Enum.uasset" 0
"../../../Engine/Content/ArtTools/RenderToTexture/Enums/RenderToTexture_Flipbook_Enum.uasset" 1
"../../../Engine/Content/ArtTools/RenderToTexture/Enums/RenderToTexture_Imposter_Enum.uasset" 2
"../../../Engine/Content/EditorBlueprintResources/StandardMacros.uasset" 3
"../../../Engine/Content/ArtTools/RenderToTexture/Enums/EIntTypes.uasset" 4
"../../../Engine/Content/ArtTools/RenderToTexture/Macros/RenderToTextureFunctionLibrary.uasset" 5
"../../../Engine/Content/ArtTools/RenderToTexture/Enums/EFloatTypes.uasset" 6
"../../../Engine/Content/ArtTools/RenderToTexture/Macros/RenderToTextureMacros.uasset" 7
"../../../Engine/Content/Functions/Engine_MaterialFunctions01/Opacity/CameraDepthFade.uasset" 8
"../../../Engine/Content/EngineMaterials/T_Default_Material_Grid_M.uasset" 9
"../../../Engine/Content/EngineMaterials/T_Default_Material_Grid_N.uasset" 10
"../../../Engine/Content/EngineMaterials/WorldGridMaterial.uasset" 11
"../../../Engine/Content/ArtTools/RenderToTexture/Meshes/S_1_Unit_Plane.uasset" 12
"../../../Engine/Content/EngineMaterials/DefaultMaterial.uasset" 13
"../../../Engine/Content/BasicShapes/Cylinder.uasset" 14
"../../../Engine/Content/BasicShapes/Plane.uasset" 15
"../../../Engine/Content/EngineMaterials/DefaultPhysicalMaterial.uasset" 16
"../../../Engine/Content/BufferVisualization/AmbientOcclusion.uasset" 17
"../../../Engine/Content/BufferVisualization/BaseColor.uasset" 18
"../../../Engine/Content/BufferVisualization/CustomDepth.uasset" 19
"../../../Engine/Content/Functions/Engine_MaterialFunctions02/Utility/VectorLength.uasset" 20
"../../../Engine/Content/BufferVisualization/CustomDepthWorldUnits.uasset" 21
"../../../Engine/Content/Functions/Engine_MaterialFunctions02/Utility/BreakOutFloat2Components.uasset" 22
"../../../Engine/Content/Functions/Engine_MaterialFunctions01/Texturing/ScaleUVsByCenter.uasset" 23
"../../../Engine/Content/Functions/Engine_MaterialFunctions02/ScreenResolution.uasset" 24
"../../../Engine/Content/Functions/Engine_MaterialFunctions02/Texturing/ScreenAlignedUVs.uasset" 25
"../../../Engine/Content/Functions/Engine_MaterialFunctions02/Utility/MakeFloat2.uasset" 26
"../../../Engine/Content/Functions/Engine_MaterialFunctions02/Utility/MakeFloat3.uasset" 27
"../../../Engine/Content/EngineMaterials/MiniFont.uasset" 28
"../../../Engine/Content/BufferVisualization/CustomStencil.uasset" 29
"../../../Engine/Content/BufferVisualization/FinalImage.uasset" 30
"../../../Engine/Content/BufferVisualization/LightingModel.uasset" 31
"../../../Engine/Content/BufferVisualization/MaterialAO.uasset" 32
"../../../Engine/Content/BufferVisualization/Metallic.uasset" 33
"../../../Engine/Content/BufferVisualization/Opacity.uasset" 34
"../../../Engine/Content/BufferVisualization/PostTonemapHDRColor.uasset" 35
"../../../Engine/Content/BufferVisualization/PreTonemapHDRColor.uasset" 36
"../../../Engine/Content/BufferVisualization/Roughness.uasset" 37
"../../../Engine/Content/BufferVisualization/SceneColor.uasset" 38
"../../../Engine/Content/BufferVisualization/SceneDepth.uasset" 39
"../../../Engine/Content/BufferVisualization/SceneDepthWorldUnits.uasset" 40
"../../../Engine/Content/BufferVisualization/SeparateTranslucencyA.uasset" 41
"../../../Engine/Content/BufferVisualization/SeparateTranslucencyRGB.uasset" 42
"../../../Engine/Content/BufferVisualization/Specular.uasset" 43
"../../../Engine/Content/BufferVisualization/SubsurfaceColor.uasset" 44
"../../../Engine/Content/BufferVisualization/WorldNormal.uasset" 45
"../../../Engine/Content/EditorBlueprintResources/ActorMacros.uasset" 46
"../../../Engine/Content/EditorLandscapeResources/DataLayer.uasset" 47
"../../../Engine/Content/EditorLandscapeResources/DefaultAlphaTexture.uasset" 48
"../../../Engine/Content/EditorLandscapeResources/LandscapeGizmoHeight_Mat.uasset" 49
"../../../Engine/Content/EditorLandscapeResources/LandscapeGizmo_Mat.uasset" 50
"../../../Engine/Content/EditorLandscapeResources/LandscapeGizmo_Mat_Copied.uasset" 51
"../../../Engine/Content/EditorLandscapeResources/SplineEditorMeshMat.uasset" 52
"../../../Engine/Content/EditorLandscapeResources/SplineEditorMesh.uasset" 53
"../../../Engine/Content/EditorMaterials/Cross.uasset" 54
"../../../Engine/Content/EditorMaterials/Cross_Mat.uasset" 55
"../../../Engine/Content/EditorMaterials/GizmoMaterial.uasset" 56
"../../../Engine/Content/Functions/Engine_MaterialFunctions02/ExampleContent/Textures/flipbook.uasset" 57
"../../../Engine/Content/Functions/Engine_MaterialFunctions02/Texturing/FlipBook.uasset" 58
"../../../Engine/Content/Functions/Engine_MaterialFunctions02/Utility/Sign.uasset" 59
"../../../Engine/Content/Functions/Engine_MaterialFunctions02/Utility/Round.uasset" 60
"../../../Engine/Content/EditorResources/T_EditorHelp.uasset" 61
"../../../Engine/Content/EditorMaterials/HelpActorMaterial.uasset" 62
"../../../Engine/Content/EditorMaterials/CompositeARGBLayer.uasset" 63
"../../../Engine/Content/EditorMaterials/TilingAALineIntegral.uasset" 64
"../../../Engine/Content/EditorMaterials/TilingAALineBoxFiltered.uasset" 65
"../../../Engine/Content/Functions/Engine_MaterialFunctions03/Procedurals/ComputeFilterWidth.uasset" 66
"../../../Engine/Content/EditorMaterials/TilingAADots.uasset" 67
"../../../Engine/Content/EngineMaterials/BlendFunc_DefBase.uasset" 68
"../../../Engine/Content/EngineMaterials/BlendFunc_DefBlend.uasset" 69
"../../../Engine/Content/Functions/Engine_MaterialFunctions03/Blends/Blend_Screen.uasset" 70
"../../../Engine/Content/EditorMaterials/TilingAAGrid.uasset" 71
"../../../Engine/Content/EditorMaterials/LevelGridMaterial.uasset" 72
"../../../Engine/Content/EditorMaterials/MakeCompositeARGBLayer.uasset" 73
"../../../Engine/Content/EditorResources/LevelGrid1DStripes.uasset" 74
"../../../Engine/Content/EditorMaterials/TextureGridCascaded1D.uasset" 75
"../../../Engine/Content/EditorMaterials/TextureGridCascaded2D.uasset" 76
"../../../Engine/Content/EditorMaterials/LevelGridMaterial2.uasset" 77
"../../../Engine/Content/EditorMaterials/MAT_Groups_Toggle.uasset" 78
"../../../Engine/Content/EditorMaterials/MAT_Groups_Visibility.uasset" 79
"../../../Engine/Content/EditorMaterials/AntialiasedGridFloor.uasset" 80
"../../../Engine/Content/EditorResources/TilePatine_D.uasset" 81
"../../../Engine/Content/EditorResources/TilePatine_N.uasset" 82
"../../../Engine/Content/EngineMaterials/Grid.uasset" 83
"../../../Engine/Content/EditorMaterials/PersonaFloorMat.uasset" 84
"../../../Engine/Content/EditorMaterials/PhAT_BoneSelectedMaterial.uasset" 85
"../../../Engine/Content/EditorMaterials/PhAT_ElemSelectedMaterial.uasset" 86
"../../../Engine/Content/EditorMaterials/PhAT_NoCollisionMaterial.uasset" 87
"../../../Engine/Content/EditorMaterials/PhAT_UnselectedMaterial.uasset" 88
"../../../Engine/Content/EditorMaterials/PreviewShadowIndicator.uasset" 89
"../../../Engine/Content/EditorMaterials/PreviewShadowIndicatorMaterial.uasset" 90
"../../../Engine/Content/EditorMaterials/TargetIcon.uasset" 91
"../../../Engine/Content/EditorMaterials/Tick.uasset" 92
"../../../Engine/Content/EditorMaterials/Tick_Mat.uasset" 93
"../../../Engine/Content/EditorMaterials/WidgetGridVertexColorMaterial.uasset" 94
"../../../Engine/Content/EditorMaterials/WidgetGridVertexColorMaterial_Ma.uasset" 95
"../../../Engine/Content/EditorMaterials/WidgetMaterial.uasset" 96
"../../../Engine/Content/EditorMaterials/WidgetMaterial_Current.uasset" 97
"../../../Engine/Content/EditorMaterials/WidgetMaterial_X.uasset" 98
"../../../Engine/Content/EditorMaterials/WidgetMaterial_Y.uasset" 99
"../../../Engine/Content/EditorMaterials/WidgetMaterial_Z.uasset" 100
"../../../Engine/Content/EditorMaterials/WidgetVertexColorMaterial.uasset" 101
"../../../Engine/Content/EditorMaterials/AssetViewer/EpicQuadPanorama_CC+EV1.uasset" 102
"../../../Engine/Content/MapTemplates/Sky/SunsetAmbientCubemap.uasset" 103
"../../../Engine/Content/EditorMaterials/AssetViewer/M_SkyBox.uasset" 104
"../../../Engine/Content/EditorMaterials/MatineeGroups/MAT_ColorTrack.uasset" 105
"../../../Engine/Content/EditorMaterials/MatineeGroups/MAT_Groups_Anim.uasset" 106
"../../../Engine/Content/EditorMaterials/MatineeGroups/MAT_Groups_AudioMaster.uasset" 107
"../../../Engine/Content/EditorMaterials/MatineeGroups/MAT_Groups_Director.uasset" 108
"../../../Engine/Content/EditorMaterials/MatineeGroups/MAT_Groups_Event.uasset" 109
"../../../Engine/Content/EditorMaterials/MatineeGroups/MAT_Groups_Fade.uasset" 110
"../../../Engine/Content/EditorMaterials/MatineeGroups/MAT_Groups_Float.uasset" 111
"../../../Engine/Content/EditorMaterials/MatineeGroups/MAT_Groups_Move.uasset" 112
"../../../Engine/Content/EditorMaterials/MatineeGroups/MAT_Groups_Slomo.uasset" 113
"../../../Engine/Content/EditorMaterials/MatineeGroups/MAT_Groups_Sound.uasset" 114
"../../../Engine/Content/EditorMaterials/MatineeGroups/MAT_Groups_Vector.uasset" 115
"../../../Engine/Content/EditorMaterials/ParticleSystems/PSysThumbnail_NoImage.uasset" 116
"../../../Engine/Content/EditorMaterials/ParticleSystems/PSysThumbnail_OOD.uasset" 117
"../../../Engine/Content/EditorMaterials/Thumbnails/FloorPlaneMaterial.uasset" 118
"../../../Engine/Content/EditorMeshes/EditorCube.uasset" 119
"../../../Engine/Content/EditorMeshes/EditorCylinder.uasset" 120
"../../../Engine/Content/EditorMeshes/EditorPlane.uasset" 121
"../../../Engine/Content/EditorMaterials/Thumbnails/SkySphereMaterial.uasset" 122
"../../../Engine/Content/EditorMeshes/EditorSkySphere.uasset" 123
"../../../Engine/Content/EditorMeshes/EditorSphere.uasset" 124
"../../../Engine/Content/EditorResources/MatineeCam_D.uasset" 125
"../../../Engine/Content/EditorMaterials/MatineeCam_mat.uasset" 126
"../../../Engine/Content/EditorMeshes/MatineeCam_SM.uasset" 127
"../../../Engine/Content/Functions/Engine_MaterialFunctions01/Shading/ConvertFromDiffSpec.uasset" 128
"../../../Engine/Content/EditorMaterials/GridMaterial.uasset" 129
"../../../Engine/Content/EditorMeshes/PhAT_FloorBox.uasset" 130
"../../../Engine/Content/EditorMeshes/AssetViewer/Floor_Mesh.uasset" 131
"../../../Engine/Content/EditorMeshes/AssetViewer/Sphere_inversenormals.uasset" 132
"../../../Engine/Content/EditorMaterials/Camera/CineMat.uasset" 133
"../../../Engine/Content/EditorMaterials/Camera/MI_CineMat_CameraBody.uasset" 134
"../../../Engine/Content/EngineDebugMaterials/M_SimpleOpaque.uasset" 135
"../../../Engine/Content/EditorMaterials/Camera/MI_CineMat_CamViewFinder.uasset" 136
"../../../Engine/Content/EditorMeshes/Camera/SM_CineCam.uasset" 137
"../../../Engine/Content/EditorMaterials/Camera/MI_CineMat_Rig.uasset" 138
"../../../Engine/Content/EditorMeshes/Camera/SM_CraneRig_Arm.uasset" 139
"../../../Engine/Content/EditorMeshes/Camera/SM_CraneRig_Base.uasset" 140
"../../../Engine/Content/EditorMeshes/Camera/SM_CraneRig_Body.uasset" 141
"../../../Engine/Content/EditorMeshes/Camera/SM_CraneRig_Mount.uasset" 142
"../../../Engine/Content/EditorMeshes/Camera/SM_RailRig_Mount.uasset" 143
"../../../Engine/Content/EditorMeshes/Camera/SM_RailRig_Track.uasset" 144
"../../../Engine/Content/EditorResources/Bad.uasset" 145
"../../../Engine/Content/EditorResources/BSPVertex.uasset" 146
"../../../Engine/Content/EditorResources/EmptyActor.uasset" 147
"../../../Engine/Content/EditorResources/MatInstActSprite.uasset" 148
"../../../Engine/Content/EditorResources/SceneManager.uasset" 149
"../../../Engine/Content/EditorResources/SimplygonLogo.uasset" 150
"../../../Engine/Content/EditorResources/SmallFont.uasset" 151
"../../../Engine/Content/EditorResources/S_Actor.uasset" 152
"../../../Engine/Content/EditorResources/S_DecalActorIcon.uasset" 153
"../../../Engine/Content/EditorResources/S_Emitter.uasset" 154
"../../../Engine/Content/EditorResources/S_ExpoHeightFog.uasset" 155
"../../../Engine/Content/EditorResources/S_FTest.uasset" 156
"../../../Engine/Content/EditorResources/S_KBSJoint.uasset" 157
"../../../Engine/Content/EditorResources/S_KHinge.uasset" 158
"../../../Engine/Content/EditorResources/S_KPrismatic.uasset" 159
"../../../Engine/Content/EditorResources/S_LevelSequence.uasset" 160
"../../../Engine/Content/EditorResources/S_NavP.uasset" 161
"../../../Engine/Content/EditorResources/S_Note.uasset" 162
"../../../Engine/Content/EditorResources/S_Player.uasset" 163
"../../../Engine/Content/EditorResources/S_PortalActorIcon2.uasset" 164
"../../../Engine/Content/EditorResources/S_RadForce.uasset" 165
"../../../Engine/Content/EditorResources/S_ReflActorIcon.uasset" 166
"../../../Engine/Content/EditorResources/S_Terrain.uasset" 167
"../../../Engine/Content/EditorResources/S_TextRenderActorIcon.uasset" 168
"../../../Engine/Content/EditorResources/S_Thruster.uasset" 169
"../../../Engine/Content/EditorResources/S_Trigger.uasset" 170
"../../../Engine/Content/EditorResources/S_VectorFieldVol.uasset" 171
"../../../Engine/Content/EditorResources/S_WindDirectional.uasset" 172
"../../../Engine/Content/EditorResources/AI/S_NavLink.uasset" 173
"../../../Engine/Content/EditorResources/AudioIcons/S_AudioComponent_AutoActivate.uasset" 174
"../../../Engine/Content/EditorResources/LightIcons/SkyLight.uasset" 175
"../../../Engine/Content/EditorResources/LightIcons/S_LightDirectional.uasset" 176
"../../../Engine/Content/EditorResources/LightIcons/S_LightDirectionalMove.uasset" 177
"../../../Engine/Content/EditorResources/LightIcons/S_LightError.uasset" 178
"../../../Engine/Content/EditorResources/LightIcons/S_LightPoint.uasset" 179
"../../../Engine/Content/EditorResources/LightIcons/S_LightPointMove.uasset" 180
"../../../Engine/Content/EditorResources/LightIcons/S_LightSpot.uasset" 181
"../../../Engine/Content/EditorResources/LightIcons/S_LightSpotMove.uasset" 182
"../../../Engine/Content/EditorResources/SequenceRecorder/Countdown.uasset" 183
"../../../Engine/Content/EditorResources/SequenceRecorder/RecordingIndicator.uasset" 184
"../../../Engine/Content/EditorResources/Spline/T_Loft_Spline.uasset" 185
"../../../Engine/Content/EditorSounds/Notifications/CompileFailed.uasset" 186
"../../../Engine/Content/EditorSounds/Notifications/CompileFailed_Cue.uasset" 187
"../../../Engine/Content/EditorSounds/Notifications/CompileSuccess.uasset" 188
"../../../Engine/Content/EditorSounds/Notifications/CompileStart_Cue.uasset" 189
"../../../Engine/Content/EditorSounds/Notifications/CompileSuccess_Cue.uasset" 190
"../../../Engine/Content/EngineDamageTypes/DmgTypeBP_Environmental.uasset" 191
"../../../Engine/Content/EngineDebugMaterials/HeatmapGradient.uasset" 192
"../../../Engine/Content/EngineDebugMaterials/BoneWeightMaterial.uasset" 193
"../../../Engine/Content/EngineDebugMaterials/ClothMaterial.uasset" 194
"../../../Engine/Content/EngineDebugMaterials/ClothMaterial_WF.uasset" 195
"../../../Engine/Content/EngineDebugMaterials/DebugEditorMaterial.uasset" 196
"../../../Engine/Content/EngineDebugMaterials/DebugMeshMaterial.uasset" 197
"../../../Engine/Content/EngineDebugMaterials/GeomMaterial.uasset" 198
"../../../Engine/Content/EngineDebugMaterials/LevelColorationLitMaterial.uasset" 199
"../../../Engine/Content/EngineDebugMaterials/LevelColorationUnlitMaterial.uasset" 200
"../../../Engine/Content/EngineMaterials/DefaultWhiteGrid.uasset" 201
"../../../Engine/Content/EngineDebugMaterials/MAT_LevelColorationLitLightmapUV.uasset" 202
"../../../Engine/Content/EngineDebugMaterials/M_SimpleTranslucent.uasset" 203
"../../../Engine/Content/EngineDebugMaterials/ShadedLevelColorationLitMaterial.uasset" 204
"../../../Engine/Content/EngineDebugMaterials/ShadedLevelColorationUnlitMateri.uasset" 205
"../../../Engine/Content/EngineDebugMaterials/VertexColorMaterial.uasset" 206
"../../../Engine/Content/EngineDebugMaterials/VertexColorViewMode_AlphaAsColor.uasset" 207
"../../../Engine/Content/EngineDebugMaterials/VertexColorViewMode_BlueOnly.uasset" 208
"../../../Engine/Content/EngineDebugMaterials/VertexColorViewMode_ColorOnly.uasset" 209
"../../../Engine/Content/EngineDebugMaterials/VertexColorViewMode_GreenOnly.uasset" 210
"../../../Engine/Content/EngineDebugMaterials/VertexColorViewMode_RedOnly.uasset" 211
"../../../Engine/Content/EngineDebugMaterials/WireframeMaterial.uasset" 212
"../../../Engine/Content/EngineFonts/Faces/RobotoBold.uasset" 213
"../../../Engine/Content/EngineFonts/Faces/RobotoBoldItalic.uasset" 214
"../../../Engine/Content/EngineFonts/Faces/RobotoItalic.uasset" 215
"../../../Engine/Content/EngineFonts/Faces/RobotoLight.uasset" 216
"../../../Engine/Content/EngineFonts/Faces/RobotoRegular.uasset" 217
"../../../Engine/Content/EngineFonts/Roboto.uasset" 218
"../../../Engine/Content/EngineFonts/Faces/RobotoTiny.uasset" 219
"../../../Engine/Content/EngineFonts/RobotoTiny.uasset" 220
"../../../Engine/Content/EngineFonts/SmallFont.uasset" 221
"../../../Engine/Content/EngineFonts/TinyFont.uasset" 222
"../../../Engine/Content/EngineMaterials/BaseFlattenDiffuseMap.uasset" 223
"../../../Engine/Content/EngineMaterials/BaseFlattenEmissiveMap.uasset" 224
"../../../Engine/Content/EngineMaterials/BaseFlattenGrayscaleMap.uasset" 225
"../../../Engine/Content/EngineMaterials/BaseFlattenNormalMap.uasset" 226
"../../../Engine/Content/EngineMaterials/BaseFlattenMaterial.uasset" 227
"../../../Engine/Content/EngineResources/WhiteSquareTexture.uasset" 228
"../../../Engine/Content/EngineMaterials/BlinkingCaret.uasset" 229
"../../../Engine/Content/EngineMaterials/DefaultBloomKernel.uasset" 230
"../../../Engine/Content/EngineMaterials/DefaultBokeh.uasset" 231
"../../../Engine/Content/EngineMaterials/DefaultDiffuse.uasset" 232
"../../../Engine/Content/EngineMaterials/DefaultDeferredDecalMaterial.uasset" 233
"../../../Engine/Content/EngineMaterials/DefaultLightFunctionMaterial.uasset" 234
"../../../Engine/Content/EngineMaterials/DefaultNormal.uasset" 235
"../../../Engine/Content/EngineMaterials/DefaultPostProcessMaterial.uasset" 236
"../../../Engine/Content/EngineFonts/RobotoDistanceField.uasset" 237
"../../../Engine/Content/EngineMaterials/DefaultTextMaterialOpaque.uasset" 238
"../../../Engine/Content/EngineMaterials/EditorBrushMaterial.uasset" 239
"../../../Engine/Content/EngineMaterials/Good64x64TilingNoiseHighFreq.uasset" 240
"../../../Engine/Content/EngineMaterials/Grid_N.uasset" 241
"../../../Engine/Content/EngineMaterials/HighResolutionScreenshotMaskFunction.uasset" 242
"../../../Engine/Content/EngineMaterials/HighResScreenshot.uasset" 243
"../../../Engine/Content/EngineMaterials/HighResScreenshotCaptureRegion.uasset" 244
"../../../Engine/Content/EngineMaterials/HighResScreenshotMask.uasset" 245
"../../../Engine/Content/EngineMaterials/LandscapeHolePhysicalMaterial.uasset" 246
"../../../Engine/Content/EngineMaterials/InvalidLightmapSettings.uasset" 247
"../../../Engine/Content/EngineMaterials/M_InvalidLightmapSettings.uasset" 248
"../../../Engine/Content/EngineMaterials/PaperDiffuse.uasset" 249
"../../../Engine/Content/EngineMaterials/PaperNormal.uasset" 250
"../../../Engine/Content/Functions/Engine_MaterialFunctions02/WorldPositionOffset/CameraOffset.uasset" 251
"../../../Engine/Content/EngineMaterials/PhAT_JointLimitMaterial.uasset" 252
"../../../Engine/Content/EngineMaterials/PhysMat_Rubber.uasset" 253
"../../../Engine/Content/EngineMaterials/PreintegratedSkinBRDF.uasset" 254
"../../../Engine/Content/EngineMaterials/RemoveSurfaceMaterial.uasset" 255
"../../../Engine/Content/EngineMaterials/WeightMapPlaceholderTexture.uasset" 256
"../../../Engine/Content/EngineMaterials/Widget3DPassThrough.uasset" 257
"../../../Engine/Content/EngineMaterials/Widget3DPassThrough_Masked.uasset" 258
"../../../Engine/Content/EngineMaterials/Widget3DPassThrough_Opaque.uasset" 259
"../../../Engine/Content/EngineMaterials/Widget3DPassThrough_Masked_OneSided.uasset" 260
"../../../Engine/Content/EngineMaterials/Widget3DPassThrough_Opaque_OneSided.uasset" 261
"../../../Engine/Content/EngineMaterials/Widget3DPassThrough_Translucent.uasset" 262
"../../../Engine/Content/EngineMaterials/Widget3DPassThrough_Translucent_OneSided.uasset" 263
"../../../Engine/Content/EngineMeshes/Cube.uasset" 264
"../../../Engine/Content/EngineMeshes/Cylinder.uasset" 265
"../../../Engine/Content/EngineMeshes/Sphere.uasset" 266
"../../../Engine/Content/EngineResources/Black.uasset" 267
"../../../Engine/Content/EngineResources/DefaultTexture.uasset" 268
"../../../Engine/Content/EngineResources/DefaultTextureCube.uasset" 269
"../../../Engine/Content/EngineResources/DefaultVolumeTexture2D.uasset" 270
"../../../Engine/Content/EngineResources/DefaultVolumeTexture.uasset" 271
"../../../Engine/Content/EngineResources/GradientTexture0.uasset" 272
"../../../Engine/Content/EngineResources/StreamingPauseIcon.uasset" 273
"../../../Engine/Content/EngineResources/M_StreamingPause.uasset" 274
"../../../Engine/Content/EngineSounds/Master.uasset" 275
"../../../Engine/Content/Functions/Engine_MaterialFunctions01/Shading/PowerToRoughness.uasset" 276
"../../../Engine/Content/Maps/Templates/Thumbnails/Default.uasset" 277
"../../../Engine/Content/Maps/Templates/Thumbnails/VR-Basic.uasset" 278
"../../../Engine/Content/MapTemplates/Sky/DaylightAmbientCubemap.uasset" 279
"../../../Engine/Content/MobileResources/T_MobileControls_texture.uasset" 280
"../../../Engine/Content/MobileResources/T_MobileMenu2.uasset" 281
"../../../Engine/Content/MobileResources/HUD/AnalogHat.uasset" 282
"../../../Engine/Content/MobileResources/HUD/VirtualJoystick_Background.uasset" 283
"../../../Engine/Content/MobileResources/HUD/VirtualJoystick_Thumb.uasset" 284
"../../../Engine/Content/MobileResources/HUD/DefaultVirtualJoysticks.uasset" 285
"../../../Engine/Content/MobileResources/HUD/LeftVirtualJoystickOnly.uasset" 286
"../../../Engine/Content/MobileResources/HUD/MobileHUDButton1_off.uasset" 287
"../../../Engine/Content/MobileResources/HUD/MobileHUDButton1_on.uasset" 288
"../../../Engine/Content/MobileResources/HUD/MobileHUDButton2_off.uasset" 289
"../../../Engine/Content/MobileResources/HUD/MobileHUDButton2_on.uasset" 290
"../../../Engine/Content/MobileResources/HUD/MobileHUDButton3.uasset" 291
"../../../Engine/Content/MobileResources/HUD/MobileHUDButtonFire.uasset" 292
"../../../Engine/Content/MobileResources/HUD/MobileHUDDirectionPad.uasset" 293
"../../../Engine/Content/MobileResources/HUD/MobileHUDDirectionPad2.uasset" 294
"../../../Engine/Content/MobileResources/HUD/MobileHUDDirectionPad3.uasset" 295
"../../../Engine/Content/MobileResources/HUD/MobileHUDDirectionStick.uasset" 296
"../../../Engine/Content/MobileResources/HUD/T_Castle_ThumbstickInner.uasset" 297
"../../../Engine/Content/MobileResources/HUD/T_Castle_ThumbstickOutter.uasset" 298
"../../../Engine/Content/Tutorial/ContentIntroCurve.uasset" 299
"../../../Engine/Content/Tutorial/Basics/TutorialAssets/icon_tab_Levels_40x.uasset" 300
"../../../Engine/Content/Tutorial/BlueprintTutorials/TutorialAssets/Blueprint_64x.uasset" 301
"../../../Engine/Content/Tutorial/Landscape/TutorialAssets/Landscape.uasset" 302
"../../../Engine/Content/Tutorial/SubEditors/TutorialAssets/icon_ShowSkeletalMeshes_40x.uasset" 303
"../../../Engine/Content/Tutorial/SubEditors/TutorialAssets/TutorialMaterial.uasset" 304
"../../../Engine/Content/VREditor/LaserPointer/VR_LaserPower_01.uasset" 305
"../../../Engine/Content/VREditor/TransformGizmo/TransformGizmoMaterial.uasset" 306
"../../../Engine/Content/VREditor/TransformGizmo/TranslucentTransformGizmoMaterial.uasset" 307
"../../../Engine/Content/VREditor/TransformGizmo/BoundingBoxCorner.uasset" 308
"../../../Engine/Content/VREditor/TransformGizmo/BoundingBoxEdge.uasset" 309
"../../../Engine/Content/VREditor/TransformGizmo/PlaneTranslationHandle.uasset" 310
"../../../Engine/Content/VREditor/TransformGizmo/Main.uasset" 311
"../../../Engine/Content/VREditor/TransformGizmo/Xray.uasset" 312
"../../../Engine/Content/VREditor/TransformGizmo/SM_Sequencer_Key.uasset" 313
"../../../Engine/Content/VREditor/TransformGizmo/SM_Sequencer_Node.uasset" 314
"C:/Users/Quadfour21/Documents/Unreal Projects/test/Content/ThirdPersonBP/Redd/Anima/ReddAnims_Skeleton.uasset" 315
"C:/Users/Quadfour21/Documents/Unreal Projects/test/Content/ThirdPersonBP/Redd/Anima/ReddAnims_Anim_Armature_AM_ReddIdle.uasset" 316
"C:/Users/Quadfour21/Documents/Unreal Projects/test/Content/ThirdPersonBP/Redd/ReddAnims_Anim_Armature_AM_ReddJump.uasset" 317
"C:/Users/Quadfour21/Documents/Unreal Projects/test/Content/ThirdPersonBP/Redd/ReddAnims_Anim_Armature_AM_ReddRun.uasset" 318
"C:/Users/Quadfour21/Documents/Unreal Projects/test/Content/ThirdPersonBP/Redd/ABP_ReddAnims.uasset" 319
"C:/Users/Quadfour21/Documents/Unreal Projects/test/Content/ThirdPersonBP/Redd/Redd2/ReddAnimsV2_Skeleton.uasset" 320
"C:/Users/Quadfour21/Documents/Unreal Projects/test/Content/ThirdPersonBP/Redd/Redd2/ReddAnimsV2_Anim_Armature_Redd_IdleAM.uasset" 321
"C:/Users/Quadfour21/Documents/Unreal Projects/test/Content/ThirdPersonBP/Redd/Redd2/ReddAnimsV2_Anim_Armature_Redd_JumpAM.uasset" 322
"C:/Users/Quadfour21/Documents/Unreal Projects/test/Content/ThirdPersonBP/Redd/Redd2/ReddAnimsV2_Anim_Armature_Redd_RunAM.uasset" 323
"C:/Users/Quadfour21/Documents/Unreal Projects/test/Content/ThirdPersonBP/Redd/Redd2/RV2AB.uasset" 324
"C:/Users/Quadfour21/Documents/Unreal Projects/test/Content/ThirdPersonBP/Redd/Textures/ReddTexDef.uasset" 325
"C:/Users/Quadfour21/Documents/Unreal Projects/test/Content/ThirdPersonBP/Redd/Textures/M_Redd.uasset" 326
"C:/Users/Quadfour21/Documents/Unreal Projects/test/Content/ThirdPersonBP/Maps/clouds.uasset" 327
"C:/Users/Quadfour21/Documents/Unreal Projects/test/Content/ThirdPersonBP/Redd/Redd2/Textures/ReddEyeDef.uasset" 328
"C:/Users/Quadfour21/Documents/Unreal Projects/test/Content/ThirdPersonBP/Redd/Redd2/Textures/ReddEyeDefALPHA.uasset" 329
"C:/Users/Quadfour21/Documents/Unreal Projects/test/Content/ThirdPersonBP/Redd/Redd2/Textures/M_EyesLV1.uasset" 330
"C:/Users/Quadfour21/Documents/Unreal Projects/test/Content/ThirdPersonBP/Redd/Redd2/Textures/Material_001.uasset" 331
"C:/Users/Quadfour21/Documents/Unreal Projects/test/Content/ThirdPersonBP/Redd/Redd2/ReddAnimsV2_PhysicsAsset.uasset" 332
"C:/Users/Quadfour21/Documents/Unreal Projects/test/Content/ThirdPersonBP/Redd/Redd2/ReddAnimsV2.uasset" 333
"C:/Users/Quadfour21/Documents/Unreal Projects/test/Content/ThirdPersonBP/Redd/reddparttex.uasset" 334
"C:/Users/Quadfour21/Documents/Unreal Projects/test/Content/ThirdPersonBP/Redd/reddparttex_Mat.uasset" 335
"C:/Users/Quadfour21/Documents/Unreal Projects/test/Content/ThirdPersonBP/Redd/ReddEnergyParticles.uasset" 336
"C:/Users/Quadfour21/Documents/Unreal Projects/test/Content/ThirdPersonBP/Redd/SFX/EngineIdle2.uasset" 337
"C:/Users/Quadfour21/Documents/Unreal Projects/test/Content/ThirdPersonBP/Redd/SFX/EngineIdle_Cue.uasset" 338
"C:/Users/Quadfour21/Documents/Unreal Projects/test/Content/ThirdPersonBP/Redd/SFX/Jump_Redd.uasset" 339
"C:/Users/Quadfour21/Documents/Unreal Projects/test/Content/ThirdPersonBP/Redd/SFX/Jump_Redd_Cue.uasset" 340
"C:/Users/Quadfour21/Documents/Unreal Projects/test/Content/ThirdPersonBP/Redd/Redd2/ReddPlayer.uasset" 341
"C:/Users/Quadfour21/Documents/Unreal Projects/test/Content/ThirdPersonBP/Blueprints/ThirdPersonGameMode.uasset" 342
"C:/Users/Quadfour21/Documents/Unreal Projects/test/Content/ThirdPersonBP/Kira/NewFolder/Material_001.uasset" 343
"C:/Users/Quadfour21/Documents/Unreal Projects/test/Content/ThirdPersonBP/Kira/NewFolder/Material_002.uasset" 344
"C:/Users/Quadfour21/Documents/Unreal Projects/test/Content/ThirdPersonBP/Kira/NewFolder/Material_003.uasset" 345
"C:/Users/Quadfour21/Documents/Unreal Projects/test/Content/ThirdPersonBP/Kira/NewFolder/Material_004.uasset" 346
"C:/Users/Quadfour21/Documents/Unreal Projects/test/Content/ThirdPersonBP/Kira/NewFolder/Material_005.uasset" 347
"C:/Users/Quadfour21/Documents/Unreal Projects/test/Content/ThirdPersonBP/Kira/NewFolder/Material_006.uasset" 348
"C:/Users/Quadfour21/Documents/Unreal Projects/test/Content/ThirdPersonBP/Kira/NewFolder/Material_007.uasset" 349
"C:/Users/Quadfour21/Documents/Unreal Projects/test/Content/ThirdPersonBP/Kira/KiraFULL_Skeleton.uasset" 350
"C:/Users/Quadfour21/Documents/Unreal Projects/test/Content/ThirdPersonBP/Kira/NewFolder/KiraFinalModel_PhysicsAsset.uasset" 351
"C:/Users/Quadfour21/Documents/Unreal Projects/test/Content/ThirdPersonBP/Kira/NewFolder/KiraFinalModel.uasset" 352
"C:/Users/Quadfour21/Documents/Unreal Projects/test/Content/ThirdPersonBP/Redd/Redd2/Textures/M_EyesLV3.uasset" 353
"C:/Users/Quadfour21/Documents/Unreal Projects/test/Content/ThirdPersonBP/Redd/Redd2/ReddAnimsV2_lv3.uasset" 354
"C:/Users/Quadfour21/Documents/Unreal Projects/test/Content/ThirdPersonBP/Redd/reddparttex_Mat_LV3.uasset" 355
"C:/Users/Quadfour21/Documents/Unreal Projects/test/Content/ThirdPersonBP/Redd/ReddEnergyParticlesLV3.uasset" 356
"C:/Users/Quadfour21/Documents/Unreal Projects/test/Content/ThirdPersonBP/Redd/Redd2/ReddPlayerLV3.uasset" 357
"../../Plugins/2D/Paper2D/Content/PlaceholderTextures/DummySpriteTexture.uasset" 358
"../../Plugins/2D/Paper2D/Content/DummySprite.uasset" 359
"../../Plugins/2D/Paper2D/Content/DefaultPaperTerrainMaterial.uasset" 360
"../../Plugins/2D/Paper2D/Content/DefaultSpriteMaterial.uasset" 361
"../../Plugins/2D/Paper2D/Content/MaskedUnlitSpriteMaterial.uasset" 362
"../../Plugins/2D/Paper2D/Content/OpaqueUnlitSpriteMaterial.uasset" 363
"../../Plugins/Enterprise/DatasmithContent/Content/Blueprints/FBXImporter/ArrayOfActor.uasset" 364
"../../Plugins/Enterprise/DatasmithContent/Content/Blueprints/FBXImporter/ArrayOfSwitch.uasset" 365
"../../Plugins/Enterprise/DatasmithContent/Content/Blueprints/FBXImporter/BP_SceneNode.uasset" 366
"../../Plugins/Enterprise/DatasmithContent/Content/Blueprints/FBXImporter/BP_Switch.uasset" 367
"../../Plugins/Enterprise/DatasmithContent/Content/Blueprints/FBXImporter/BP_SceneRoot.uasset" 368
"../../Plugins/Enterprise/DatasmithContent/Content/Blueprints/FBXImporter/FBXImporterUtils.uasset" 369
"../../Plugins/Enterprise/DatasmithContent/Content/Blueprints/FBXImporter/Animation/DeltaGenAnimationTrackType.uasset" 370
"../../Plugins/Enterprise/DatasmithContent/Content/Blueprints/FBXImporter/Animation/VREDAnimationTrackComponent.uasset" 371
"../../Plugins/Enterprise/DatasmithContent/Content/Blueprints/FBXImporter/Animation/VREDAnimationTrackType.uasset" 372
"../../Plugins/Enterprise/DatasmithContent/Content/Blueprints/FBXImporter/Animation/VREDAnimCurveComponent.uasset" 373
"../../Plugins/Enterprise/DatasmithContent/Content/Blueprints/FBXImporter/Animation/VREDAnimCurveType.uasset" 374
"../../Plugins/Enterprise/DatasmithContent/Content/Blueprints/FBXImporter/Variants/VariantSwitchType.uasset" 375
"../../Plugins/Enterprise/DatasmithContent/Content/Blueprints/FBXImporter/Variants/VREDVariantSwitchType.uasset" 376
"../../Plugins/Enterprise/DatasmithContent/Content/Blueprints/FBXImporter/Variants/VREDVariantType.uasset" 377
"../../Plugins/Experimental/ControlRig/Content/M_Manip.uasset" 378
"../../Plugins/Experimental/ControlRig/Content/T_Traj.uasset" 379
"../../Plugins/Experimental/ControlRig/Content/M_Traj.uasset" 380
"../../Plugins/Runtime/Oculus/OculusVR/Content/Materials/PokeAHoleMaterial.uasset" 381
"../../Plugins/Runtime/Oculus/OculusVR/Content/Textures/GearVRController_AO.uasset" 382
"../../Plugins/Runtime/Oculus/OculusVR/Content/Textures/GearVRController_Color.uasset" 383
"../../Plugins/Runtime/Oculus/OculusVR/Content/Textures/GearVRController_Normal.uasset" 384
"../../Plugins/Runtime/Oculus/OculusVR/Content/Materials/GearVRControllerMaterial.uasset" 385
"../../Plugins/Runtime/Oculus/OculusVR/Content/Meshes/GearVrController.uasset" 386
"../../Plugins/Runtime/Oculus/OculusVR/Content/Textures/touchController_albedo.uasset" 387
"../../Plugins/Runtime/Oculus/OculusVR/Content/Textures/touchController_controlmap.uasset" 388
"../../Plugins/Runtime/Oculus/OculusVR/Content/Materials/touchController_mat.uasset" 389
"../../Plugins/Runtime/Oculus/OculusVR/Content/Meshes/LeftTouchController.uasset" 390
"../../Plugins/Runtime/Oculus/OculusVR/Content/Meshes/RiftHMD.uasset" 391
"../../Plugins/Runtime/Oculus/OculusVR/Content/Meshes/RightTouchController.uasset" 392
"../../../Engine/Content/Maps/Entry_BuiltData.uasset" 393
"../../../Engine/Content/Maps/Entry.umap" 394
"C:/Users/Quadfour21/Documents/Unreal Projects/test/Content/ThirdPersonBP/Kira/Kira_Animations_Anim.uasset" 395
"C:/Users/Quadfour21/Documents/Unreal Projects/test/Content/Blueprints/SongValleyGM.uasset" 396
"C:/Users/Quadfour21/Documents/Unreal Projects/test/Content/Landscapes/SongValley/SongValleySB.uasset" 397
"C:/Users/Quadfour21/Documents/Unreal Projects/test/Content/Landscapes/SongValley/SongValleySBMAT.uasset" 398
"../../../Engine/Content/EngineSky/T_Sky_Blue.uasset" 399
"../../../Engine/Content/EngineSky/T_Sky_Clouds_M.uasset" 400
"../../../Engine/Content/EngineSky/T_Sky_Stars.uasset" 401
"../../../Engine/Content/EngineSky/M_Sky_Panning_Clouds2.uasset" 402
"../../../Engine/Content/EngineSky/SM_SkySphere.uasset" 403
"C:/Users/Quadfour21/Documents/Unreal Projects/test/Content/Landscapes/SongValley/SongValleySBACT.uasset" 404
"C:/Users/Quadfour21/Documents/Unreal Projects/test/Content/SongValley_BuiltData.uasset" 405
"C:/Users/Quadfour21/Documents/Unreal Projects/test/Content/Landscapes/InvisTexOpaMask.uasset" 406
"C:/Users/Quadfour21/Documents/Unreal Projects/test/Content/Landscapes/M_Invis.uasset" 407
"C:/Users/Quadfour21/Documents/Unreal Projects/test/Content/Landscapes/planet_ulina_tex.uasset" 408
"C:/Users/Quadfour21/Documents/Unreal Projects/test/Content/Landscapes/PlanetMat.uasset" 409
"C:/Users/Quadfour21/Documents/Unreal Projects/test/Content/Landscapes/SongValley/fallenlogTopSides.uasset" 410
"C:/Users/Quadfour21/Documents/Unreal Projects/test/Content/Landscapes/SongValley/fallenlogTopSides_Mat1.uasset" 411
"C:/Users/Quadfour21/Documents/Unreal Projects/test/Content/Landscapes/SongValley/Fireplace/FPL1.uasset" 412
"C:/Users/Quadfour21/Documents/Unreal Projects/test/Content/Landscapes/SongValley/Fireplace/FPL1_Mat.uasset" 413
"C:/Users/Quadfour21/Documents/Unreal Projects/test/Content/Landscapes/SongValley/KiraWorkbench/kiradesk1.uasset" 414
"C:/Users/Quadfour21/Documents/Unreal Projects/test/Content/Landscapes/SongValley/KiraWorkbench/kiradesk1_Mat.uasset" 415
"C:/Users/Quadfour21/Documents/Unreal Projects/test/Content/Landscapes/SongValley/KiraWorkbench/kiradesk2.uasset" 416
"C:/Users/Quadfour21/Documents/Unreal Projects/test/Content/Landscapes/SongValley/KiraWorkbench/M_kiradesk2.uasset" 417
"C:/Users/Quadfour21/Documents/Unreal Projects/test/Content/props/textures_mats/ReddBlueprint.uasset" 418
"C:/Users/Quadfour21/Documents/Unreal Projects/test/Content/Landscapes/SongValley/KiraWorkbench/M_ReddBP.uasset" 419
"C:/Users/Quadfour21/Documents/Unreal Projects/test/Content/Landscapes/SongValley/ClothRugTex.uasset" 420
"C:/Users/Quadfour21/Documents/Unreal Projects/test/Content/Landscapes/SongValley/M_ClothRugTex.uasset" 421
"C:/Users/Quadfour21/Documents/Unreal Projects/test/Content/Landscapes/SongValley/ClothTex.uasset" 422
"C:/Users/Quadfour21/Documents/Unreal Projects/test/Content/Landscapes/SongValley/M_ClothTex.uasset" 423
"C:/Users/Quadfour21/Documents/Unreal Projects/test/Content/Landscapes/SongValley/PinkWoodTex.uasset" 424
"C:/Users/Quadfour21/Documents/Unreal Projects/test/Content/Landscapes/SongValley/M_PinkWood.uasset" 425
"C:/Users/Quadfour21/Documents/Unreal Projects/test/Content/Landscapes/SongValley/SongValleyIslandProj.uasset" 426
"C:/Users/Quadfour21/Documents/Unreal Projects/test/Content/Landscapes/SongValley/M_SongValleyIsland.uasset" 427
"C:/Users/Quadfour21/Documents/Unreal Projects/test/Content/Landscapes/SongValley/redmetal.uasset" 428
"C:/Users/Quadfour21/Documents/Unreal Projects/test/Content/props/textures_mats/LV1_Turoq.uasset" 429
"C:/Users/Quadfour21/Documents/Unreal Projects/test/Content/props/textures_mats/tablelong1.uasset" 430
"C:/Users/Quadfour21/Documents/Unreal Projects/test/Content/props/textures_mats/tablelong1_Mat.uasset" 431
"C:/Users/Quadfour21/Documents/Unreal Projects/test/Content/StarterContent/Materials/M_Glass.uasset" 432
"C:/Users/Quadfour21/Documents/Unreal Projects/test/Content/ThirdPersonBP/Kira/M_Glasses.uasset" 433
"C:/Users/Quadfour21/Documents/Unreal Projects/test/Content/ThirdPersonBP/Kira/M_Necklace.uasset" 434
"../../../Engine/Content/BasicShapes/Cone.uasset" 435
"../../../Engine/Content/BasicShapes/Cube.uasset" 436
"../../../Engine/Content/BasicShapes/Sphere.uasset" 437
"C:/Users/Quadfour21/Documents/Unreal Projects/test/Content/Landscapes/SongValley/bridge.uasset" 438
"C:/Users/Quadfour21/Documents/Unreal Projects/test/Content/Landscapes/SongValley/FallenLog1.uasset" 439
"C:/Users/Quadfour21/Documents/Unreal Projects/test/Content/Landscapes/SongValley/Fireplace/Fireplace1_Cube.uasset" 440
"C:/Users/Quadfour21/Documents/Unreal Projects/test/Content/Landscapes/SongValley/Fireplace/Fireplace1_Cube_002.uasset" 441
"C:/Users/Quadfour21/Documents/Unreal Projects/test/Content/Landscapes/SongValley/Fireplace/Fireplace1_Cube_003.uasset" 442
"C:/Users/Quadfour21/Documents/Unreal Projects/test/Content/Landscapes/SongValley/Fireplace/Fireplace1_Cube_004.uasset" 443
"C:/Users/Quadfour21/Documents/Unreal Projects/test/Content/Landscapes/SongValley/Fireplace/Fireplace1_Cylinder.uasset" 444
"C:/Users/Quadfour21/Documents/Unreal Projects/test/Content/Landscapes/SongValley/Fireplace/Fireplace1_Icosphere.uasset" 445
"C:/Users/Quadfour21/Documents/Unreal Projects/test/Content/Landscapes/SongValley/Fireplace/Fireplace1_Icosphere_001.uasset" 446
"C:/Users/Quadfour21/Documents/Unreal Projects/test/Content/Landscapes/SongValley/Fireplace/Fireplace1_Icosphere_002.uasset" 447
"C:/Users/Quadfour21/Documents/Unreal Projects/test/Content/Landscapes/SongValley/Fireplace/Fireplace1_Icosphere_003.uasset" 448
"C:/Users/Quadfour21/Documents/Unreal Projects/test/Content/Landscapes/SongValley/Fireplace/Fireplace1_Icosphere_004.uasset" 449
"C:/Users/Quadfour21/Documents/Unreal Projects/test/Content/Landscapes/SongValley/Fireplace/Fireplace1_Icosphere_005.uasset" 450
"C:/Users/Quadfour21/Documents/Unreal Projects/test/Content/Landscapes/SongValley/Fireplace/fireplace.uasset" 451
"C:/Users/Quadfour21/Documents/Unreal Projects/test/Content/Landscapes/SongValley/Fireplace/fireplace_Cue.uasset" 452
"C:/Users/Quadfour21/Documents/Unreal Projects/test/Content/Landscapes/SongValley/Fireplace/FireplaceAtten.uasset" 453
"C:/Users/Quadfour21/Documents/Unreal Projects/test/Content/Landscapes/SongValley/Fireplace/flame.uasset" 454
"C:/Users/Quadfour21/Documents/Unreal Projects/test/Content/Landscapes/SongValley/Fireplace/flameALPHA.uasset" 455
"C:/Users/Quadfour21/Documents/Unreal Projects/test/Content/Landscapes/SongValley/Fireplace/M_LowFlame.uasset" 456
"C:/Users/Quadfour21/Documents/Unreal Projects/test/Content/Landscapes/SongValley/Fireplace/Flames.uasset" 457
"C:/Users/Quadfour21/Documents/Unreal Projects/test/Content/Landscapes/SongValley/KiraWorkbench/KiraDesk_Cube.uasset" 458
"C:/Users/Quadfour21/Documents/Unreal Projects/test/Content/Landscapes/SongValley/KiraWorkbench/KiraDesk_Cube_001.uasset" 459
"C:/Users/Quadfour21/Documents/Unreal Projects/test/Content/Landscapes/SongValley/KiraWorkbench/KiraDesk_Cube_002.uasset" 460
"C:/Users/Quadfour21/Documents/Unreal Projects/test/Content/Landscapes/SongValley/KiraWorkbench/KiraDesk_Cube_003.uasset" 461
"C:/Users/Quadfour21/Documents/Unreal Projects/test/Content/Landscapes/SongValley/KiraWorkbench/KiraDesk_Cube_004.uasset" 462
"C:/Users/Quadfour21/Documents/Unreal Projects/test/Content/Landscapes/SongValley/KiraWorkbench/KiraDesk_Cube_005.uasset" 463
"C:/Users/Quadfour21/Documents/Unreal Projects/test/Content/Landscapes/SongValley/KiraWorkbench/KiraDesk_Cube_006.uasset" 464
"C:/Users/Quadfour21/Documents/Unreal Projects/test/Content/Landscapes/SongValley/KiraWorkbench/KiraDesk_Cylinder.uasset" 465
"C:/Users/Quadfour21/Documents/Unreal Projects/test/Content/Landscapes/SongValley/KiraWorkbench/KiraDesk_Cylinder_001.uasset" 466
"C:/Users/Quadfour21/Documents/Unreal Projects/test/Content/Landscapes/SongValley/RottenTree.uasset" 467
"C:/Users/Quadfour21/Documents/Unreal Projects/test/Content/Landscapes/SongValley/Song_Valley_Back_Mount.uasset" 468
"C:/Users/Quadfour21/Documents/Unreal Projects/test/Content/Landscapes/SongValley/SongValleyMainIslandv1.uasset" 469
"C:/Users/Quadfour21/Documents/Unreal Projects/test/Content/Landscapes/SongValley/Material_002.uasset" 470
"C:/Users/Quadfour21/Documents/Unreal Projects/test/Content/Landscapes/SongValley/SongValleyTentBase_Cube_002_PhysicsAsset.uasset" 471
"C:/Users/Quadfour21/Documents/Unreal Projects/test/Content/Landscapes/SongValley/SongValleyTentBase_Cube_002_Skeleton.uasset" 472
"C:/Users/Quadfour21/Documents/Unreal Projects/test/Content/Landscapes/SongValley/SongValleyTentBase_Cube_PhysicsAsset.uasset" 473
"C:/Users/Quadfour21/Documents/Unreal Projects/test/Content/Landscapes/SongValley/SongValleyTentBase_Cube_Skeleton.uasset" 474
"C:/Users/Quadfour21/Documents/Unreal Projects/test/Content/Landscapes/SongValley/SongValleyTentBase.uasset" 475
"C:/Users/Quadfour21/Documents/Unreal Projects/test/Content/Landscapes/SongValley/Material_001.uasset" 476
"C:/Users/Quadfour21/Documents/Unreal Projects/test/Content/Landscapes/SongValley/SongValleyTentCloth_PhysicsAsset.uasset" 477
"C:/Users/Quadfour21/Documents/Unreal Projects/test/Content/Landscapes/SongValley/SongValleyTentCloth_Skeleton.uasset" 478
"C:/Users/Quadfour21/Documents/Unreal Projects/test/Content/Landscapes/SongValley/SongValleyTentCloth.uasset" 479
"C:/Users/Quadfour21/Documents/Unreal Projects/test/Content/Landscapes/SongValley/SVAmbient.uasset" 480
"C:/Users/Quadfour21/Documents/Unreal Projects/test/Content/Landscapes/SongValley/SVAmbient_Cue.uasset" 481
"C:/Users/Quadfour21/Documents/Unreal Projects/test/Content/props/Crystal1_Cube.uasset" 482
"C:/Users/Quadfour21/Documents/Unreal Projects/test/Content/props/Crystal_Lamp/CrystalLamp_Cube.uasset" 483
"C:/Users/Quadfour21/Documents/Unreal Projects/test/Content/props/Crystal_Lamp/CrystalLamp_Cube_001.uasset" 484
"C:/Users/Quadfour21/Documents/Unreal Projects/test/Content/props/Crystal_Lamp/CrystalLamp_Cube_002.uasset" 485
"C:/Users/Quadfour21/Documents/Unreal Projects/test/Content/props/Crystal_Lamp/CrystalLamp_Cylinder.uasset" 486
"C:/Users/Quadfour21/Documents/Unreal Projects/test/Content/props/Crystal_Lamp/CrystalLamp_Icosphere.uasset" 487
"C:/Users/Quadfour21/Documents/Unreal Projects/test/Content/props/TableLong1.uasset" 488
"C:/Users/Quadfour21/Documents/Unreal Projects/test/Content/ThirdPersonBP/Kira/KiraFaces/Default.uasset" 489
"C:/Users/Quadfour21/Documents/Unreal Projects/test/Content/ThirdPersonBP/Kira/KiraFaces/DefaultALPHA.uasset" 490
"C:/Users/Quadfour21/Documents/Unreal Projects/test/Content/ThirdPersonBP/Kira/KiraFaces/Default_Mat.uasset" 491
"C:/Users/Quadfour21/Documents/Unreal Projects/test/Content/ThirdPersonBP/Kira/M_belt.uasset" 492
"C:/Users/Quadfour21/Documents/Unreal Projects/test/Content/ThirdPersonBP/Kira/KiraBaseTex.uasset" 493
"C:/Users/Quadfour21/Documents/Unreal Projects/test/Content/ThirdPersonBP/Kira/KiraBaseTex_NM.uasset" 494
"C:/Users/Quadfour21/Documents/Unreal Projects/test/Content/ThirdPersonBP/Kira/M_KiraBody.uasset" 495
"C:/Users/Quadfour21/Documents/Unreal Projects/test/Content/ThirdPersonBP/Kira/Mouth/DefaultMouth.uasset" 496
"C:/Users/Quadfour21/Documents/Unreal Projects/test/Content/ThirdPersonBP/Kira/Mouth/DefaultMouthALPHA.uasset" 497
"C:/Users/Quadfour21/Documents/Unreal Projects/test/Content/ThirdPersonBP/Kira/Mouth/MF_DefaultMouth.uasset" 498
"C:/Users/Quadfour21/Documents/Unreal Projects/test/Content/ThirdPersonBP/Kira/KiraV3_PhysicsAsset.uasset" 499
"C:/Users/Quadfour21/Documents/Unreal Projects/test/Content/ThirdPersonBP/Kira/KiraV3.uasset" 500
"C:/Users/Quadfour21/Documents/Unreal Projects/test/Content/ThirdPersonBP/Redd/SFX/FallFade.uasset" 501
"C:/Users/Quadfour21/Documents/Unreal Projects/test/Content/ThirdPersonBP/SONGs/song_valley.uasset" 502
"C:/Users/Quadfour21/Documents/Unreal Projects/test/Content/ThirdPersonBP/SONGs/song_valley_Cue.uasset" 503
"C:/Users/Quadfour21/Documents/Unreal Projects/test/Content/SongValley.umap" 504
